slider id_00 fan 3
[Errno 2] No such file or directory: '../../../dataset/mimii/slider/id_00/fan'
slider id_00 fan 3
[Errno 2] No such file or directory: '../../../dataset/mimii/slider/id_00/fan'
slider id_00 fan 3
[Errno 2] No such file or directory: '../../../dataset/mimii/slider/id_00/fan'
slider id_00 fan 3
[Errno 2] No such file or directory: '../../../dataset/mimii/slider/id_00/fan'
slider id_00 slider 3
[Errno 2] No such file or directory: '../../../dataset/mimii/slider/id_00/slider'
slider id_00 slider 3
[Errno 2] No such file or directory: '../../../dataset/mimii/slider/id_00/slider'
slider id_00 pump 3
[Errno 2] No such file or directory: '../../../dataset/mimii/slider/id_00/pump'
slider id_00 valve 3
[Errno 2] No such file or directory: '../../../dataset/mimii/slider/id_00/valve'
slider id_00 pump 3
[Errno 2] No such file or directory: '../../../dataset/mimii/slider/id_00/pump'
slider id_00 pump 3
[Errno 2] No such file or directory: '../../../dataset/mimii/slider/id_00/pump'
slider id_00 pump 3
[Errno 2] No such file or directory: '../../../dataset/mimii/slider/id_00/pump'
slider id_00 fan 3
[Errno 2] No such file or directory: '../../../dataset/mimii/slider/id_00/fan'
slider id_00 pump 3
[Errno 2] No such file or directory: '../../../dataset/mimii/slider/id_00/pump'
slider id_00 valve 3
[Errno 2] No such file or directory: '../../../dataset/mimii/slider/id_00/valve'
slider id_00 fan 3
[Errno 2] No such file or directory: '../../../dataset/mimii/slider/id_00/fan'
slider id_00 valve 3
[Errno 2] No such file or directory: '../../../dataset/mimii/slider/id_00/valve'
slider id_00 valve 3
[Errno 2] No such file or directory: '../../../dataset/mimii/slider/id_00/valve'
slider id_00 valve 3
[Errno 2] No such file or directory: '../../../dataset/mimii/slider/id_00/valve'
slider id_00 slider 3
[Errno 2] No such file or directory: '../../../dataset/mimii/slider/id_00/slider'
slider id_00 pump 3
[Errno 2] No such file or directory: '../../../dataset/mimii/slider/id_00/pump'
slider id_00 slider 3
[Errno 2] No such file or directory: '../../../dataset/mimii/slider/id_00/slider'
slider id_00 slider 3
[Errno 2] No such file or directory: '../../../dataset/mimii/slider/id_00/slider'
slider id_00 slider 3
[Errno 2] No such file or directory: '../../../dataset/mimii/slider/id_00/slider'
slider id_00 pump 3
[Errno 2] No such file or directory: '../../../dataset/mimii/slider/id_00/pump'
slider id_00 valve 3
[Errno 2] No such file or directory: '../../../dataset/mimii/slider/id_00/valve'
slider id_00 slider 3
[Errno 2] No such file or directory: '../../../dataset/mimii/slider/id_00/slider'
slider id_00 fan 3
[Errno 2] No such file or directory: '../../../dataset/mimii/slider/id_00/fan'
slider id_00 valve 3
[Errno 2] No such file or directory: '../../../dataset/mimii/slider/id_00/valve'
slider id_00 fan 3
[Errno 2] No such file or directory: '../../../dataset/mimii/slider/id_00/fan'
slider id_00 slider 3
[Errno 2] No such file or directory: '../../../dataset/mimii/slider/id_00/slider'
slider id_00 valve 3
[Errno 2] No such file or directory: '../../../dataset/mimii/slider/id_00/valve'
slider id_00 pump 3
[Errno 2] No such file or directory: '../../../dataset/mimii/slider/id_00/pump'
slider id_00 valve -1
[Errno 2] No such file or directory: '../../../dataset/mimii/slider/id_00/valve'
slider id_00 valve -1
[Errno 2] No such file or directory: '../../../dataset/mimii/slider/id_00/valve'
slider id_00 valve -1
[Errno 2] No such file or directory: '../../../dataset/mimii/slider/id_00/valve'
