y_pred [ 1  1  1  1  1 -1  1  1  1  1  1  1  1 -1  1  1  1  1  1  1  1  1  1  1
  1  1 -1  1  1  1  1  1  1  1  1  1 -1  1  1  1  1  1 -1 -1  1 -1  1  1
  1  1  1  1  1  1  1  1  1  1  1 -1  1  1  1  1 -1  1 -1  1  1 -1 -1  1
  1  1  1  1  1  1  1  1  1  1  1  1 -1  1  1  1 -1  1  1  1  1  1  1  1
  1  1  1  1  1  1  1 -1  1  1 -1  1  1  1  1  1  1  1  1  1  1  1 -1  1
  1  1  1  1  1  1  1  1 -1  1 -1  1  1  1  1  1  1  1  1  1 -1  1  1  1
  1  1  1  1  1  1  1  1  1  1 -1  1  1  1  1  1  1  1  1  1  1  1  1  1
 -1  1  1  1  1  1  1  1  1  1  1  1  1  1  1  1  1  1 -1  1  1  1  1  1
  1  1  1  1  1  1  1 -1  1  1  1  1 -1  1  1  1  1  1  1  1  1 -1 -1  1
 -1 -1 -1  1 -1  1 -1 -1 -1 -1 -1 -1  1  1 -1 -1  1 -1 -1  1 -1  1 -1  1
  1 -1 -1 -1  1  1  1  1 -1  1  1 -1 -1  1 -1 -1 -1 -1 -1 -1  1  1 -1  1
  1  1 -1 -1 -1 -1  1  1 -1 -1 -1  1 -1 -1 -1  1  1  1 -1  1 -1 -1 -1 -1
 -1 -1 -1 -1  1  1 -1 -1 -1 -1  1  1 -1  1 -1 -1  1  1 -1 -1 -1 -1 -1 -1
  1 -1 -1  1 -1  1  1 -1 -1 -1 -1 -1 -1  1 -1  1 -1 -1 -1  1 -1 -1  1  1
  1 -1  1 -1 -1  1 -1 -1 -1  1  1 -1 -1 -1 -1  1 -1 -1  1  1 -1 -1 -1  1
 -1 -1 -1  1  1 -1  1 -1 -1 -1 -1 -1 -1 -1  1  1 -1 -1 -1 -1  1 -1 -1 -1
 -1 -1 -1 -1  1  1  1 -1 -1  1  1 -1  1  1  1 -1 -1 -1 -1  1  1 -1 -1  1
 -1  1  1 -1 -1  1 -1  1  1 -1 -1 -1 -1 -1 -1  1 -1  1  1  1 -1  1 -1 -1
 -1  1 -1 -1  1 -1 -1 -1  1  1 -1  1 -1 -1 -1 -1 -1 -1 -1  1  1 -1 -1 -1
 -1 -1  1  1  1 -1  1 -1 -1  1 -1  1 -1 -1 -1  1  1 -1  1 -1  1  1  1 -1
  1  1 -1 -1  1 -1 -1  1  1  1 -1 -1 -1  1  1 -1 -1 -1 -1  1  1 -1  1 -1
 -1  1 -1 -1 -1 -1  1  1 -1  1 -1 -1 -1 -1  1  1  1 -1  1  1 -1  1 -1 -1
 -1 -1 -1 -1  1  1 -1 -1  1 -1 -1  1 -1 -1 -1  1 -1 -1 -1 -1 -1  1 -1  1
 -1 -1  1 -1  1 -1 -1  1 -1  1 -1 -1 -1 -1  1 -1  1 -1]
y_true [1, 1, 1, 1, 1, 1, 1, 1, 1, 1, 1, 1, 1, 1, 1, 1, 1, 1, 1, 1, 1, 1, 1, 1, 1, 1, 1, 1, 1, 1, 1, 1, 1, 1, 1, 1, 1, 1, 1, 1, 1, 1, 1, 1, 1, 1, 1, 1, 1, 1, 1, 1, 1, 1, 1, 1, 1, 1, 1, 1, 1, 1, 1, 1, 1, 1, 1, 1, 1, 1, 1, 1, 1, 1, 1, 1, 1, 1, 1, 1, 1, 1, 1, 1, 1, 1, 1, 1, 1, 1, 1, 1, 1, 1, 1, 1, 1, 1, 1, 1, 1, 1, 1, 1, 1, 1, 1, 1, 1, 1, 1, 1, 1, 1, 1, 1, 1, 1, 1, 1, 1, 1, 1, 1, 1, 1, 1, 1, 1, 1, 1, 1, 1, 1, 1, 1, 1, 1, 1, 1, 1, 1, 1, 1, 1, 1, 1, 1, 1, 1, 1, 1, 1, 1, 1, 1, 1, 1, 1, 1, 1, 1, 1, 1, 1, 1, 1, 1, 1, 1, 1, 1, 1, 1, 1, 1, 1, 1, 1, 1, 1, 1, 1, 1, 1, 1, 1, 1, 1, 1, 1, 1, 1, 1, 1, 1, 1, 1, 1, 1, 1, 1, 1, 1, 1, 1, 1, 1, 1, 1, 1, 1, 1, 1, -1, -1, -1, -1, -1, -1, -1, -1, -1, -1, -1, -1, -1, -1, -1, -1, -1, -1, -1, -1, -1, -1, -1, -1, -1, -1, -1, -1, -1, -1, -1, -1, -1, -1, -1, -1, -1, -1, -1, -1, -1, -1, -1, -1, -1, -1, -1, -1, -1, -1, -1, -1, -1, -1, -1, -1, -1, -1, -1, -1, -1, -1, -1, -1, -1, -1, -1, -1, -1, -1, -1, -1, -1, -1, -1, -1, -1, -1, -1, -1, -1, -1, -1, -1, -1, -1, -1, -1, -1, -1, -1, -1, -1, -1, -1, -1, -1, -1, -1, -1, -1, -1, -1, -1, -1, -1, -1, -1, -1, -1, -1, -1, -1, -1, -1, -1, -1, -1, -1, -1, -1, -1, -1, -1, -1, -1, -1, -1, -1, -1, -1, -1, -1, -1, -1, -1, -1, -1, -1, -1, -1, -1, -1, -1, -1, -1, -1, -1, -1, -1, -1, -1, -1, -1, -1, -1, -1, -1, -1, -1, -1, -1, -1, -1, -1, -1, -1, -1, -1, -1, -1, -1, -1, -1, -1, -1, -1, -1, -1, -1, -1, -1, -1, -1, -1, -1, -1, -1, -1, -1, -1, -1, -1, -1, -1, -1, -1, -1, -1, -1, -1, -1, -1, -1, -1, -1, -1, -1, -1, -1, -1, -1, -1, -1, -1, -1, -1, -1, -1, -1, -1, -1, -1, -1, -1, -1, -1, -1, -1, -1, -1, -1, -1, -1, -1, -1, -1, -1, -1, -1, -1, -1, -1, -1, -1, -1, -1, -1, -1, -1, -1, -1, -1, -1, -1, -1, -1, -1, -1, -1, -1, -1, -1, -1, -1, -1, -1, -1, -1, -1, -1, -1, -1, -1, -1, -1, -1, -1, -1, -1, -1, -1, -1, -1, -1, -1, -1, -1, -1, -1, -1, -1, -1, -1, -1, -1, -1, -1, -1, -1, -1, -1, -1, -1, -1, -1, -1, -1, -1, -1, -1, -1, -1, -1, -1, -1, -1, -1, -1, -1, -1, -1, -1, -1, -1, -1, -1, -1, -1, -1, -1, -1, -1, -1, -1, -1, -1, -1, -1, -1, -1, -1, -1, -1, -1, -1, -1, -1, -1, -1, -1, -1, -1, -1, -1, -1]
score_samples [-0.37938665 -0.3885754  -0.47289323 -0.43194821 -0.44105501 -0.53336025
 -0.41208553 -0.4119816  -0.43668556 -0.40075833 -0.38970538 -0.42252322
 -0.40507001 -0.54609741 -0.44009276 -0.38009357 -0.41519488 -0.44558256
 -0.38038409 -0.42327928 -0.44249929 -0.38512418 -0.41386767 -0.40251583
 -0.41673293 -0.45106648 -0.5637841  -0.40860977 -0.45054746 -0.49703164
 -0.48185392 -0.42485737 -0.43037529 -0.46420815 -0.43906108 -0.45401504
 -0.5598267  -0.39333901 -0.38045887 -0.45391577 -0.43441517 -0.42047895
 -0.51579916 -0.51827072 -0.40444897 -0.50079341 -0.41012156 -0.44240912
 -0.43243392 -0.46005314 -0.42784378 -0.40370326 -0.42800532 -0.42910834
 -0.39402518 -0.41639946 -0.41939325 -0.45810232 -0.40142894 -0.59243483
 -0.39938114 -0.38749705 -0.40882963 -0.42427454 -0.50803364 -0.39407564
 -0.54716547 -0.47855064 -0.42456288 -0.60320635 -0.60256568 -0.39293824
 -0.48471208 -0.4844691  -0.40184112 -0.41087268 -0.40816245 -0.44013881
 -0.4254494  -0.44838102 -0.38638495 -0.38563507 -0.4337306  -0.38948509
 -0.62773535 -0.45364078 -0.44811376 -0.45013912 -0.61868199 -0.42422656
 -0.46843309 -0.43139584 -0.438422   -0.40294917 -0.44445807 -0.39110001
 -0.40417401 -0.39492779 -0.38385817 -0.4517196  -0.39066347 -0.49062752
 -0.40221714 -0.50613418 -0.4138789  -0.39620458 -0.53832808 -0.49438343
 -0.4869217  -0.42533062 -0.4285573  -0.40407851 -0.41704965 -0.44981488
 -0.45917785 -0.41171244 -0.40126073 -0.45563438 -0.60270709 -0.40620754
 -0.44767347 -0.42962595 -0.39563724 -0.46021828 -0.47501169 -0.43979539
 -0.49580693 -0.45148964 -0.59076495 -0.48895382 -0.50035839 -0.42825562
 -0.49780622 -0.48812964 -0.47500707 -0.40120687 -0.44194717 -0.49078962
 -0.42980367 -0.41674528 -0.61897932 -0.38508247 -0.40957966 -0.38306779
 -0.42742467 -0.44643909 -0.3981863  -0.49052638 -0.46670285 -0.4682511
 -0.46608976 -0.4206016  -0.45132818 -0.38816021 -0.50400881 -0.44118118
 -0.48869299 -0.40331166 -0.39594195 -0.4353871  -0.41199031 -0.43379926
 -0.4558564  -0.47207153 -0.41352724 -0.4339247  -0.38905694 -0.41487749
 -0.51810033 -0.45974857 -0.42158639 -0.46804203 -0.42245058 -0.39853763
 -0.43792029 -0.41976189 -0.39288347 -0.3891337  -0.39882277 -0.44495055
 -0.3895249  -0.47575224 -0.42870224 -0.42763739 -0.40269416 -0.43098041
 -0.55395825 -0.46563803 -0.42734485 -0.39561938 -0.38737067 -0.41368013
 -0.41767048 -0.46546472 -0.39039968 -0.45342796 -0.41622438 -0.39187835
 -0.38050591 -0.52223883 -0.46527172 -0.37265613 -0.42342661 -0.43734456
 -0.63750577 -0.43170232 -0.38135455 -0.429014   -0.39057218 -0.42198391
 -0.48363981 -0.43505536 -0.41015487 -0.5201256  -0.64130224 -0.46637661
 -0.55066344 -0.5367411  -0.5167363  -0.48461771 -0.61714398 -0.49275323
 -0.53288038 -0.64584624 -0.56010078 -0.52325743 -0.63081218 -0.5731039
 -0.45605329 -0.47369259 -0.50198283 -0.57267151 -0.46570831 -0.55727454
 -0.60202988 -0.45468025 -0.5530752  -0.48939898 -0.57112279 -0.47413267
 -0.47847258 -0.64090415 -0.52544884 -0.53585121 -0.4933362  -0.46341559
 -0.4940871  -0.44593421 -0.5654401  -0.47206456 -0.44796946 -0.5969012
 -0.52585467 -0.4500841  -0.63803772 -0.63093262 -0.64697254 -0.61983701
 -0.5492102  -0.59537198 -0.46558834 -0.49640442 -0.54389202 -0.44981773
 -0.49734595 -0.4786839  -0.66785539 -0.50703721 -0.52259937 -0.5257779
 -0.49843869 -0.4909622  -0.58670119 -0.56347308 -0.5202578  -0.49864833
 -0.50058961 -0.59391149 -0.59297053 -0.46766519 -0.46057118 -0.45585809
 -0.64162614 -0.4870907  -0.51543414 -0.51725577 -0.52447759 -0.58486621
 -0.54802949 -0.52862212 -0.51434947 -0.57672698 -0.47715814 -0.48577253
 -0.52596789 -0.58743382 -0.5339402  -0.59247758 -0.49850418 -0.49347222
 -0.52253989 -0.48774582 -0.65687551 -0.61142532 -0.45850868 -0.4953223
 -0.54614335 -0.59870554 -0.53117129 -0.59550882 -0.5317466  -0.58217467
 -0.49178678 -0.58924225 -0.59207129 -0.47269782 -0.59748001 -0.4486846
 -0.49059759 -0.50633948 -0.62527817 -0.54301958 -0.5407156  -0.56799216
 -0.52606743 -0.46075634 -0.64933462 -0.49196554 -0.53282187 -0.56208512
 -0.50449129 -0.48877035 -0.54032691 -0.54439661 -0.4932899  -0.47226097
 -0.47258525 -0.61032449 -0.47896934 -0.63375047 -0.59268115 -0.49155446
 -0.52862194 -0.50078837 -0.56489612 -0.47217022 -0.48320761 -0.68354765
 -0.5089618  -0.54186584 -0.58726389 -0.46476638 -0.52150782 -0.57639072
 -0.45447448 -0.46612131 -0.53955421 -0.52669736 -0.53733533 -0.49301359
 -0.62259768 -0.5515643  -0.594337   -0.40530117 -0.44472548 -0.56000973
 -0.46361185 -0.59058425 -0.50085132 -0.55511563 -0.50193138 -0.58005933
 -0.55903016 -0.61894824 -0.4962452  -0.42727951 -0.58407582 -0.61304383
 -0.52271077 -0.58841097 -0.47129532 -0.58495949 -0.52792296 -0.61788085
 -0.50601823 -0.55728085 -0.58788602 -0.52142253 -0.49888155 -0.45035481
 -0.44414976 -0.55727454 -0.51489935 -0.46923442 -0.49381202 -0.60080101
 -0.48389989 -0.46151106 -0.47167556 -0.53059011 -0.53398043 -0.63765809
 -0.63689707 -0.48547947 -0.47335017 -0.61290335 -0.51488727 -0.43396265
 -0.61350622 -0.46089583 -0.45719589 -0.59884008 -0.56255625 -0.48076054
 -0.50665257 -0.46036634 -0.48735347 -0.54698335 -0.56140656 -0.58293684
 -0.54694544 -0.53113554 -0.50399846 -0.43520666 -0.51863712 -0.46889984
 -0.46504197 -0.48508447 -0.54046746 -0.45825122 -0.53124011 -0.55689405
 -0.62377417 -0.47177898 -0.50719871 -0.60091409 -0.48375763 -0.61767985
 -0.58505411 -0.55336389 -0.47497433 -0.48395248 -0.58639849 -0.49429754
 -0.52720359 -0.62215533 -0.61623591 -0.6217675  -0.60428302 -0.54207798
 -0.55620345 -0.46907203 -0.45439129 -0.55669858 -0.56866397 -0.59003935
 -0.61025047 -0.5865139  -0.45901396 -0.4745868  -0.44263361 -0.56330481
 -0.48490477 -0.63235039 -0.53178127 -0.49357686 -0.54070423 -0.45554129
 -0.52709582 -0.5325744  -0.51272853 -0.44839022 -0.4661074  -0.66244804
 -0.43768277 -0.52637094 -0.49673039 -0.44983567 -0.46250124 -0.51438239
 -0.42855848 -0.45141243 -0.53963714 -0.50086459 -0.484459   -0.64693769
 -0.56143783 -0.43133437 -0.45590482 -0.46214022 -0.59985526 -0.57263232
 -0.55011453 -0.45640107 -0.44319411 -0.54805202 -0.52067763 -0.57618788
 -0.51523177 -0.46955616 -0.41264676 -0.55140029 -0.48683745 -0.50528114
 -0.56045198 -0.47183724 -0.53774365 -0.51644662 -0.52486001 -0.50979901
 -0.48700502 -0.49370908 -0.52882418 -0.452755   -0.52385236 -0.5863715
 -0.62640625 -0.50019711 -0.46301917 -0.48743723 -0.4401574  -0.53020172
 -0.47053581 -0.46380131 -0.55806882 -0.42900552 -0.55045839 -0.55891617
 -0.61720284 -0.53060686 -0.50189262 -0.51604735 -0.47283836 -0.44724679
 -0.52488856 -0.51152606 -0.47930304 -0.55484614 -0.56684702 -0.49730461
 -0.52011892 -0.55188626 -0.5298683  -0.46662556 -0.5227033  -0.52570325
 -0.59365001 -0.52661738 -0.64348711 -0.45521916 -0.55765825 -0.45637071
 -0.5373529  -0.56287929 -0.43569723 -0.60906099 -0.49552795 -0.53196492
 -0.50765718 -0.48847242 -0.52031265 -0.49174526 -0.53188801 -0.56327868
 -0.6207033  -0.52187505 -0.48751733 -0.61382027 -0.49473559 -0.57315472]
f1_score 0.701492537313433
precision_score 0.5838509316770186
recall_score 0.8785046728971962
accuracy_score 0.7192982456140351
confusion_matrix [[222 134]
 [ 26 188]]
classification_report               precision    recall  f1-score   support

          -1       0.90      0.62      0.74       356
           1       0.58      0.88      0.70       214

    accuracy                           0.72       570
   macro avg       0.74      0.75      0.72       570
weighted avg       0.78      0.72      0.72       570

